\BOOKMARK [1][-]{chapter*.3}{\376\377\000K\000A\000T\000A\000\040\000P\000E\000N\000G\000A\000N\000T\000A\000R}{}% 1
\BOOKMARK [1][-]{chapter*.4}{\376\377\000R\000I\000N\000G\000K\000A\000S\000A\000N}{}% 2
\BOOKMARK [1][-]{chapter*.4}{\376\377\000D\000A\000F\000T\000A\000R\000\040\000I\000S\000I}{}% 3
\BOOKMARK [1][-]{chapter*.4}{\376\377\000D\000A\000F\000T\000A\000R\000\040\000T\000A\000B\000E\000L}{}% 4
\BOOKMARK [1][-]{chapter*.4}{\376\377\000D\000A\000F\000T\000A\000R\000\040\000G\000A\000M\000B\000A\000R}{}% 5
\BOOKMARK [1][-]{chapter*.4}{\376\377\000D\000A\000F\000T\000A\000R\000\040\000L\000A\000M\000P\000I\000R\000A\000N}{}% 6
\BOOKMARK [0][-]{chapter.1}{\376\377\000P\000E\000N\000D\000A\000H\000U\000L\000U\000A\000N}{}% 7
\BOOKMARK [1][-]{section.1.1}{\376\377\000L\000a\000t\000a\000r\000\040\000B\000e\000l\000a\000k\000a\000n\000g}{chapter.1}% 8
\BOOKMARK [1][-]{section.1.2}{\376\377\000R\000u\000m\000u\000s\000a\000n\000\040\000M\000a\000s\000a\000l\000a\000h}{chapter.1}% 9
\BOOKMARK [1][-]{section.1.3}{\376\377\000T\000u\000j\000u\000a\000n\000\040\000P\000e\000n\000e\000l\000i\000t\000i\000a\000n}{chapter.1}% 10
\BOOKMARK [1][-]{section.1.4}{\376\377\000U\000r\000g\000e\000n\000s\000i\000\040\000P\000e\000n\000e\000l\000i\000t\000i\000a\000n}{chapter.1}% 11
\BOOKMARK [1][-]{section.1.5}{\376\377\000M\000a\000n\000f\000a\000a\000t\000\040\000P\000e\000n\000e\000l\000i\000t\000i\000a\000n}{chapter.1}% 12
\BOOKMARK [0][-]{chapter.2}{\376\377\000T\000I\000N\000J\000A\000U\000A\000N\000\040\000P\000U\000S\000T\000A\000K\000A}{}% 13
\BOOKMARK [1][-]{section.2.1}{\376\377\000P\000e\000n\000e\000l\000i\000t\000i\000a\000n\000\040\000T\000e\000r\000k\000a\000i\000t\000\040\000I\000O\000D}{chapter.2}% 14
\BOOKMARK [1][-]{section.2.2}{\376\377\000M\000o\000d\000e\000l\000\040\000N\000u\000m\000e\000r\000i\000k\000\040\000d\000a\000n\000\040\000P\000a\000r\000a\000m\000e\000t\000e\000r}{chapter.2}% 15
\BOOKMARK [2][-]{subsection.2.2.1}{\376\377\000A\000r\000u\000s\000\040\000L\000a\000u\000t\000,\000\040\000T\000e\000m\000p\000e\000r\000a\000t\000u\000r\000\040\000L\000a\000u\000t\000,\000\040\000d\000a\000n\000\040\000S\000a\000l\000i\000n\000i\000t\000a\000s\000\040\000L\000a\000u\000t}{section.2.2}% 16
\BOOKMARK [2][-]{subsection.2.2.2}{\376\377\000K\000l\000o\000r\000o\000f\000i\000l\000-\000a\000\040\000d\000a\000n\000\040\000K\000e\000d\000a\000l\000a\000m\000a\000n\000\040\000L\000a\000p\000i\000s\000a\000n\000\040\000C\000a\000m\000p\000u\000r\000a\000n}{section.2.2}% 17
\BOOKMARK [2][-]{subsection.2.2.3}{\376\377\000F\000l\000u\000k\000s\000\040\000P\000a\000n\000a\000s\000\040\000B\000e\000r\000s\000i\000h\000\040\000d\000a\000n\000\040\000F\000l\000u\000k\000s\000\040\000A\000i\000r\000\040\000T\000a\000w\000a\000r}{section.2.2}% 18
\BOOKMARK [2][-]{subsection.2.2.4}{\376\377\000L\000a\000j\000u\000\040\000P\000r\000e\000s\000i\000p\000i\000t\000a\000s\000i\000\040\000d\000a\000n\000\040\000T\000e\000k\000a\000n\000a\000n\000\040\000A\000n\000g\000i\000n}{section.2.2}% 19
\BOOKMARK [1][-]{section.2.3}{\376\377\000P\000e\000t\000a\000\040\000J\000a\000l\000a\000n\000\040\000P\000e\000n\000e\000l\000i\000t\000i\000a\000n}{chapter.2}% 20
\BOOKMARK [0][-]{chapter.3}{\376\377\000M\000E\000T\000O\000D\000O\000L\000O\000G\000I\000\040\000P\000E\000N\000E\000L\000I\000T\000I\000A\000N}{}% 21
\BOOKMARK [1][-]{section.3.1}{\376\377\000D\000o\000m\000a\000i\000n\000\040\000d\000a\000n\000\040\000D\000a\000t\000a\000\040\000P\000e\000n\000e\000l\000i\000t\000i\000a\000n}{chapter.3}% 22
\BOOKMARK [2][-]{subsection.3.1.1}{\376\377\000D\000o\000m\000a\000i\000n\000\040\000P\000e\000n\000e\000l\000i\000t\000i\000a\000n}{section.3.1}% 23
\BOOKMARK [2][-]{subsection.3.1.2}{\376\377\000D\000a\000t\000a\000\040\000P\000e\000n\000e\000l\000i\000t\000i\000a\000n}{section.3.1}% 24
\BOOKMARK [2][-]{subsection.3.1.3}{\376\377\000P\000e\000n\000g\000u\000m\000p\000u\000l\000a\000n\000\040\000D\000a\000t\000a}{section.3.1}% 25
\BOOKMARK [1][-]{section.3.2}{\376\377\000A\000n\000a\000l\000i\000s\000i\000s\000\040\000D\000a\000t\000a}{chapter.3}% 26
\BOOKMARK [2][-]{subsection.3.2.1}{\376\377\000M\000o\000d\000e\000l\000\040\000M\000u\000s\000i\000m\000a\000n}{section.3.2}% 27
\BOOKMARK [2][-]{subsection.3.2.2}{\376\377\000A\000n\000a\000l\000i\000s\000i\000s\000\040\000K\000o\000r\000e\000l\000a\000s\000i}{section.3.2}% 28
\BOOKMARK [1][-]{section.3.3}{\376\377\000P\000r\000o\000s\000e\000d\000u\000r\000\040\000P\000e\000n\000e\000l\000i\000t\000i\000a\000n}{chapter.3}% 29
\BOOKMARK [0][-]{chapter.4}{\376\377\000B\000I\000A\000Y\000A\000\040\000D\000A\000N\000\040\000J\000A\000D\000W\000A\000L\000\040\000P\000E\000N\000E\000L\000I\000T\000I\000A\000N}{}% 30
\BOOKMARK [1][-]{section.4.1}{\376\377\000B\000i\000a\000y\000a\000\040\000P\000e\000n\000e\000l\000i\000t\000i\000a\000n}{chapter.4}% 31
\BOOKMARK [1][-]{section.4.2}{\376\377\000J\000a\000d\000w\000a\000l\000\040\000P\000e\000n\000e\000l\000i\000t\000i\000a\000n}{chapter.4}% 32
\BOOKMARK [0][-]{chapter*.13}{\376\377\000D\000A\000F\000T\000A\000R\000\040\000P\000U\000S\000T\000A\000K\000A}{}% 33
\BOOKMARK [0][-]{chapter*.13}{\376\377\000L\000A\000M\000P\000I\000R\000A\000N\000-\000L\000A\000M\000P\000I\000R\000A\000N}{}% 34
