This is pdfTeX, Version 3.141592653-2.6-1.40.24 (MiKTeX 23.1) (preloaded format=pdflatex 2023.2.23)  8 JUN 2023 10:57
entering extended mode
 restricted \write18 enabled.
 %&-line parsing enabled.
**./Dissertation_proposal.tex
(Dissertation_proposal.tex
LaTeX2e <2022-11-01> patch level 1
L3 programming layer <2023-02-02>
(C:\Users\ocean\AppData\Local\Programs\MiKTeX\tex/latex/base\report.cls
Document Class: report 2022/07/02 v1.4n Standard LaTeX document class
(C:\Users\ocean\AppData\Local\Programs\MiKTeX\tex/latex/base\size12.clo
File: size12.clo 2022/07/02 v1.4n Standard LaTeX file (size option)
)
\c@part=\count185
\c@chapter=\count186
\c@section=\count187
\c@subsection=\count188
\c@subsubsection=\count189
\c@paragraph=\count190
\c@subparagraph=\count191
\c@figure=\count192
\c@table=\count193
\abovecaptionskip=\skip48
\belowcaptionskip=\skip49
\bibindent=\dimen140
)
(C:\Users\ocean\AppData\Local\Programs\MiKTeX\tex/latex/base\inputenc.sty
Package: inputenc 2021/02/14 v1.3d Input encoding file
\inpenc@prehook=\toks16
\inpenc@posthook=\toks17

(C:\Users\ocean\AppData\Local\Programs\MiKTeX\tex/latex/base\latin1.def
File: latin1.def 2021/02/14 v1.3d Input encoding file
))
(C:\Users\ocean\AppData\Local\Programs\MiKTeX\tex/generic/babel\babel.sty
Package: babel 2022/01/23 3.85 The Babel package
\babel@savecnt=\count194
\U@D=\dimen141
\l@unhyphenated=\language79

(C:\Users\ocean\AppData\Local\Programs\MiKTeX\tex/generic/babel\txtbabel.def)
\bbl@readstream=\read2
\bbl@dirlevel=\count195

*************************************
* Local config file bblopts.cfg used
*
(C:\Users\ocean\AppData\Local\Programs\MiKTeX\tex/latex/arabi\bblopts.cfg
File: bblopts.cfg 2005/09/08 v0.1 add Arabic and Farsi to "declared" options of
 babel
)
(C:\Users\ocean\AppData\Local\Programs\MiKTeX\tex/latex/babel-indonesian\bahasa
.ldf
Language: bahasa 2017/02/15 v1.0m Bahasa Indonesia support from the babel syste
m

(C:\Users\ocean\AppData\Local\Programs\MiKTeX\tex/latex/babel-indonesian\indone
sian.ldf
Language: indonesian 2017/02/15 v1.0m Bahasa Indonesia support from the babel s
ystem
)))
(C:\Users\ocean\AppData\Local\Programs\MiKTeX\tex/latex/amsmath\amsmath.sty
Package: amsmath 2022/04/08 v2.17n AMS math features
\@mathmargin=\skip50

For additional information on amsmath, use the `?' option.
(C:\Users\ocean\AppData\Local\Programs\MiKTeX\tex/latex/amsmath\amstext.sty
Package: amstext 2021/08/26 v2.01 AMS text

(C:\Users\ocean\AppData\Local\Programs\MiKTeX\tex/latex/amsmath\amsgen.sty
File: amsgen.sty 1999/11/30 v2.0 generic functions
\@emptytoks=\toks18
\ex@=\dimen142
))
(C:\Users\ocean\AppData\Local\Programs\MiKTeX\tex/latex/amsmath\amsbsy.sty
Package: amsbsy 1999/11/29 v1.2d Bold Symbols
\pmbraise@=\dimen143
)
(C:\Users\ocean\AppData\Local\Programs\MiKTeX\tex/latex/amsmath\amsopn.sty
Package: amsopn 2022/04/08 v2.04 operator names
)
\inf@bad=\count196
LaTeX Info: Redefining \frac on input line 234.
\uproot@=\count197
\leftroot@=\count198
LaTeX Info: Redefining \overline on input line 399.
LaTeX Info: Redefining \colon on input line 410.
\classnum@=\count199
\DOTSCASE@=\count266
LaTeX Info: Redefining \ldots on input line 496.
LaTeX Info: Redefining \dots on input line 499.
LaTeX Info: Redefining \cdots on input line 620.
\Mathstrutbox@=\box51
\strutbox@=\box52
LaTeX Info: Redefining \big on input line 722.
LaTeX Info: Redefining \Big on input line 723.
LaTeX Info: Redefining \bigg on input line 724.
LaTeX Info: Redefining \Bigg on input line 725.
\big@size=\dimen144
LaTeX Font Info:    Redeclaring font encoding OML on input line 743.
LaTeX Font Info:    Redeclaring font encoding OMS on input line 744.
\macc@depth=\count267
LaTeX Info: Redefining \bmod on input line 905.
LaTeX Info: Redefining \pmod on input line 910.
LaTeX Info: Redefining \smash on input line 940.
LaTeX Info: Redefining \relbar on input line 970.
LaTeX Info: Redefining \Relbar on input line 971.
\c@MaxMatrixCols=\count268
\dotsspace@=\muskip16
\c@parentequation=\count269
\dspbrk@lvl=\count270
\tag@help=\toks19
\row@=\count271
\column@=\count272
\maxfields@=\count273
\andhelp@=\toks20
\eqnshift@=\dimen145
\alignsep@=\dimen146
\tagshift@=\dimen147
\tagwidth@=\dimen148
\totwidth@=\dimen149
\lineht@=\dimen150
\@envbody=\toks21
\multlinegap=\skip51
\multlinetaggap=\skip52
\mathdisplay@stack=\toks22
LaTeX Info: Redefining \[ on input line 2953.
LaTeX Info: Redefining \] on input line 2954.
)
(C:\Users\ocean\AppData\Local\Programs\MiKTeX\tex/latex/amsfonts\amsfonts.sty
Package: amsfonts 2013/01/14 v3.01 Basic AMSFonts support
\symAMSa=\mathgroup4
\symAMSb=\mathgroup5
LaTeX Font Info:    Redeclaring math symbol \hbar on input line 98.
LaTeX Font Info:    Overwriting math alphabet `\mathfrak' in version `bold'
(Font)                  U/euf/m/n --> U/euf/b/n on input line 106.
)
(C:\Users\ocean\AppData\Local\Programs\MiKTeX\tex/latex/amsfonts\amssymb.sty
Package: amssymb 2013/01/14 v3.01 AMS font symbols
)
(C:\Users\ocean\AppData\Local\Programs\MiKTeX\tex/latex/tocloft\tocloft.sty
Package: tocloft 2017/08/31 v2.3i parameterised ToC, etc., typesetting
Package tocloft Info: The document has chapter divisions on input line 51.
\cftparskip=\skip53
\cftbeforetoctitleskip=\skip54
\cftaftertoctitleskip=\skip55
\cftbeforepartskip=\skip56
\cftpartnumwidth=\skip57
\cftpartindent=\skip58
\cftbeforechapskip=\skip59
\cftchapindent=\skip60
\cftchapnumwidth=\skip61
\cftbeforesecskip=\skip62
\cftsecindent=\skip63
\cftsecnumwidth=\skip64
\cftbeforesubsecskip=\skip65
\cftsubsecindent=\skip66
\cftsubsecnumwidth=\skip67
\cftbeforesubsubsecskip=\skip68
\cftsubsubsecindent=\skip69
\cftsubsubsecnumwidth=\skip70
\cftbeforeparaskip=\skip71
\cftparaindent=\skip72
\cftparanumwidth=\skip73
\cftbeforesubparaskip=\skip74
\cftsubparaindent=\skip75
\cftsubparanumwidth=\skip76
\cftbeforeloftitleskip=\skip77
\cftafterloftitleskip=\skip78
\cftbeforefigskip=\skip79
\cftfigindent=\skip80
\cftfignumwidth=\skip81
\c@lofdepth=\count274
\c@lotdepth=\count275
\cftbeforelottitleskip=\skip82
\cftafterlottitleskip=\skip83
\cftbeforetabskip=\skip84
\cfttabindent=\skip85
\cfttabnumwidth=\skip86
)
(C:\Users\ocean\AppData\Local\Programs\MiKTeX\tex/latex/geometry\geometry.sty
Package: geometry 2020/01/02 v5.9 Page Geometry

(C:\Users\ocean\AppData\Local\Programs\MiKTeX\tex/latex/graphics\keyval.sty
Package: keyval 2022/05/29 v1.15 key=value parser (DPC)
\KV@toks@=\toks23
)
(C:\Users\ocean\AppData\Local\Programs\MiKTeX\tex/generic/iftex\ifvtex.sty
Package: ifvtex 2019/10/25 v1.7 ifvtex legacy package. Use iftex instead.

(C:\Users\ocean\AppData\Local\Programs\MiKTeX\tex/generic/iftex\iftex.sty
Package: iftex 2022/02/03 v1.0f TeX engine tests
))
\Gm@cnth=\count276
\Gm@cntv=\count277
\c@Gm@tempcnt=\count278
\Gm@bindingoffset=\dimen151
\Gm@wd@mp=\dimen152
\Gm@odd@mp=\dimen153
\Gm@even@mp=\dimen154
\Gm@layoutwidth=\dimen155
\Gm@layoutheight=\dimen156
\Gm@layouthoffset=\dimen157
\Gm@layoutvoffset=\dimen158
\Gm@dimlist=\toks24

(C:\Users\ocean\AppData\Local\Programs\MiKTeX\tex/latex/geometry\geometry.cfg))
(C:\Users\ocean\AppData\Local\Programs\MiKTeX\tex/latex/tools\indentfirst.sty
Package: indentfirst 1995/11/23 v1.03 Indent first paragraph (DPC)
)
(C:\Users\ocean\AppData\Local\Programs\MiKTeX\tex/latex/amscls\amsthm.sty
Package: amsthm 2020/05/29 v2.20.6
\thm@style=\toks25
\thm@bodyfont=\toks26
\thm@headfont=\toks27
\thm@notefont=\toks28
\thm@headpunct=\toks29
\thm@preskip=\skip87
\thm@postskip=\skip88
\thm@headsep=\skip89
\dth@everypar=\toks30
)
(C:\Users\ocean\AppData\Local\Programs\MiKTeX\tex/latex/tools\array.sty
Package: array 2022/03/10 v2.5f Tabular extension package (FMi)
\col@sep=\dimen159
\ar@mcellbox=\box53
\extrarowheight=\dimen160
\NC@list=\toks31
\extratabsurround=\skip90
\backup@length=\skip91
\ar@cellbox=\box54
)
(C:\Users\ocean\AppData\Local\Programs\MiKTeX\tex/latex/caption\caption.sty
Package: caption 2022/03/01 v3.6b Customizing captions (AR)

(C:\Users\ocean\AppData\Local\Programs\MiKTeX\tex/latex/caption\caption3.sty
Package: caption3 2022/03/17 v2.3b caption3 kernel (AR)
\caption@tempdima=\dimen161
\captionmargin=\dimen162
\caption@leftmargin=\dimen163
\caption@rightmargin=\dimen164
\caption@width=\dimen165
\caption@indent=\dimen166
\caption@parindent=\dimen167
\caption@hangindent=\dimen168
Package caption Info: Standard document class detected.
)
\c@caption@flags=\count279
\c@continuedfloat=\count280
)
(C:\Users\ocean\AppData\Local\Programs\MiKTeX\tex/latex/wrapfig\wrapfig.sty
\wrapoverhang=\dimen169
\WF@size=\dimen170
\c@WF@wrappedlines=\count281
\WF@box=\box55
\WF@everypar=\toks32
Package: wrapfig 2003/01/31  v 3.6
)
(C:\Users\ocean\AppData\Local\Programs\MiKTeX\tex/latex/graphics\graphicx.sty
Package: graphicx 2021/09/16 v1.2d Enhanced LaTeX Graphics (DPC,SPQR)

(C:\Users\ocean\AppData\Local\Programs\MiKTeX\tex/latex/graphics\graphics.sty
Package: graphics 2022/03/10 v1.4e Standard LaTeX Graphics (DPC,SPQR)

(C:\Users\ocean\AppData\Local\Programs\MiKTeX\tex/latex/graphics\trig.sty
Package: trig 2021/08/11 v1.11 sin cos tan (DPC)
)
(C:\Users\ocean\AppData\Local\Programs\MiKTeX\tex/latex/graphics-cfg\graphics.c
fg
File: graphics.cfg 2016/06/04 v1.11 sample graphics configuration
)
Package graphics Info: Driver file: pdftex.def on input line 107.

(C:\Users\ocean\AppData\Local\Programs\MiKTeX\tex/latex/graphics-def\pdftex.def
File: pdftex.def 2022/09/22 v1.2b Graphics/color driver for pdftex
))
\Gin@req@height=\dimen171
\Gin@req@width=\dimen172
)
(C:\Users\ocean\AppData\Local\Programs\MiKTeX\tex/latex/varwidth\varwidth.sty
Package: varwidth 2009/03/30 ver 0.92;  Variable-width minipages
\@vwid@box=\box56
\sift@deathcycles=\count282
\@vwid@loff=\dimen173
\@vwid@roff=\dimen174
)
(C:\Users\ocean\AppData\Local\Programs\MiKTeX\tex/latex/float\float.sty
Package: float 2001/11/08 v1.3d Float enhancements (AL)
\c@float@type=\count283
\float@exts=\toks33
\float@box=\box57
\@float@everytoks=\toks34
\@floatcapt=\box58
)
(C:\Users\ocean\AppData\Local\Programs\MiKTeX\tex/latex/base\textcomp.sty
Package: textcomp 2020/02/02 v2.0n Standard LaTeX package
)
(C:\Users\ocean\AppData\Local\Programs\MiKTeX\tex/latex/lm\lmodern.sty
Package: lmodern 2015/05/01 v1.6.1 Latin Modern Fonts
LaTeX Font Info:    Overwriting symbol font `operators' in version `normal'
(Font)                  OT1/cmr/m/n --> OT1/lmr/m/n on input line 22.
LaTeX Font Info:    Overwriting symbol font `letters' in version `normal'
(Font)                  OML/cmm/m/it --> OML/lmm/m/it on input line 23.
LaTeX Font Info:    Overwriting symbol font `symbols' in version `normal'
(Font)                  OMS/cmsy/m/n --> OMS/lmsy/m/n on input line 24.
LaTeX Font Info:    Overwriting symbol font `largesymbols' in version `normal'
(Font)                  OMX/cmex/m/n --> OMX/lmex/m/n on input line 25.
LaTeX Font Info:    Overwriting symbol font `operators' in version `bold'
(Font)                  OT1/cmr/bx/n --> OT1/lmr/bx/n on input line 26.
LaTeX Font Info:    Overwriting symbol font `letters' in version `bold'
(Font)                  OML/cmm/b/it --> OML/lmm/b/it on input line 27.
LaTeX Font Info:    Overwriting symbol font `symbols' in version `bold'
(Font)                  OMS/cmsy/b/n --> OMS/lmsy/b/n on input line 28.
LaTeX Font Info:    Overwriting symbol font `largesymbols' in version `bold'
(Font)                  OMX/cmex/m/n --> OMX/lmex/m/n on input line 29.
LaTeX Font Info:    Overwriting math alphabet `\mathbf' in version `normal'
(Font)                  OT1/cmr/bx/n --> OT1/lmr/bx/n on input line 31.
LaTeX Font Info:    Overwriting math alphabet `\mathsf' in version `normal'
(Font)                  OT1/cmss/m/n --> OT1/lmss/m/n on input line 32.
LaTeX Font Info:    Overwriting math alphabet `\mathit' in version `normal'
(Font)                  OT1/cmr/m/it --> OT1/lmr/m/it on input line 33.
LaTeX Font Info:    Overwriting math alphabet `\mathtt' in version `normal'
(Font)                  OT1/cmtt/m/n --> OT1/lmtt/m/n on input line 34.
LaTeX Font Info:    Overwriting math alphabet `\mathbf' in version `bold'
(Font)                  OT1/cmr/bx/n --> OT1/lmr/bx/n on input line 35.
LaTeX Font Info:    Overwriting math alphabet `\mathsf' in version `bold'
(Font)                  OT1/cmss/bx/n --> OT1/lmss/bx/n on input line 36.
LaTeX Font Info:    Overwriting math alphabet `\mathit' in version `bold'
(Font)                  OT1/cmr/bx/it --> OT1/lmr/bx/it on input line 37.
LaTeX Font Info:    Overwriting math alphabet `\mathtt' in version `bold'
(Font)                  OT1/cmtt/m/n --> OT1/lmtt/m/n on input line 38.
)
(C:\Users\ocean\AppData\Local\Programs\MiKTeX\tex/latex/tools\enumerate.sty
Package: enumerate 2015/07/23 v3.00 enumerate extensions (DPC)
\@enLab=\toks35
)
(C:\Users\ocean\AppData\Local\Programs\MiKTeX\tex/latex/tools\tabularx.sty
Package: tabularx 2020/01/15 v2.11c `tabularx' package (DPC)
\TX@col@width=\dimen175
\TX@old@table=\dimen176
\TX@old@col=\dimen177
\TX@target=\dimen178
\TX@delta=\dimen179
\TX@cols=\count284
\TX@ftn=\toks36
)
(C:\Users\ocean\AppData\Local\Programs\MiKTeX\tex/latex/microtype\microtype.sty
Package: microtype 2022/06/23 v3.0f Micro-typographical refinements (RS)
(C:\Users\ocean\AppData\Local\Programs\MiKTeX\tex/latex/etoolbox\etoolbox.sty
Package: etoolbox 2020/10/05 v2.5k e-TeX tools for LaTeX (JAW)
\etb@tempcnta=\count285
)
\MT@toks=\toks37
\MT@tempbox=\box59
\MT@count=\count286
LaTeX Info: Redefining \noprotrusionifhmode on input line 1045.
LaTeX Info: Redefining \leftprotrusion on input line 1046.
LaTeX Info: Redefining \rightprotrusion on input line 1056.
LaTeX Info: Redefining \textls on input line 1234.
\MT@outer@kern=\dimen180
LaTeX Info: Redefining \textmicrotypecontext on input line 1858.
\MT@listname@count=\count287

(C:\Users\ocean\AppData\Local\Programs\MiKTeX\tex/latex/microtype\microtype-pdf
tex.def
File: microtype-pdftex.def 2022/06/23 v3.0f Definitions specific to pdftex (RS)

LaTeX Info: Redefining \lsstyle on input line 900.
LaTeX Info: Redefining \lslig on input line 900.
\MT@outer@space=\skip92
)
Package microtype Info: Loading configuration file microtype.cfg.

(C:\Users\ocean\AppData\Local\Programs\MiKTeX\tex/latex/microtype\microtype.cfg
File: microtype.cfg 2022/06/23 v3.0f microtype main configuration file (RS)
))
(C:\Users\ocean\AppData\Local\Programs\MiKTeX\tex/latex/matlab-prettifier\matla
b-prettifier.sty
Package: matlab-prettifier 2014/06/19 v0.3 A package for prettyprinting Matlab 
source code

(C:\Users\ocean\AppData\Local\Programs\MiKTeX\tex/latex/xcolor\xcolor.sty
Package: xcolor 2022/06/12 v2.14 LaTeX color extensions (UK)

(C:\Users\ocean\AppData\Local\Programs\MiKTeX\tex/latex/graphics-cfg\color.cfg
File: color.cfg 2016/01/02 v1.6 sample color configuration
)
Package xcolor Info: Driver file: pdftex.def on input line 227.
(C:\Users\ocean\AppData\Local\Programs\MiKTeX\tex/latex/graphics\mathcolor.ltx)
Package xcolor Info: Model `cmy' substituted by `cmy0' on input line 1353.
Package xcolor Info: Model `hsb' substituted by `rgb' on input line 1357.
Package xcolor Info: Model `RGB' extended on input line 1369.
Package xcolor Info: Model `HTML' substituted by `rgb' on input line 1371.
Package xcolor Info: Model `Hsb' substituted by `hsb' on input line 1372.
Package xcolor Info: Model `tHsb' substituted by `hsb' on input line 1373.
Package xcolor Info: Model `HSB' substituted by `hsb' on input line 1374.
Package xcolor Info: Model `Gray' substituted by `gray' on input line 1375.
Package xcolor Info: Model `wave' substituted by `hsb' on input line 1376.
) (C:\Users\ocean\AppData\Local\Programs\MiKTeX\tex/latex/listings\listings.sty
\lst@mode=\count288
\lst@gtempboxa=\box60
\lst@token=\toks38
\lst@length=\count289
\lst@currlwidth=\dimen181
\lst@column=\count290
\lst@pos=\count291
\lst@lostspace=\dimen182
\lst@width=\dimen183
\lst@newlines=\count292
\lst@lineno=\count293
\lst@maxwidth=\dimen184
(C:\Users\ocean\AppData\Local\Programs\MiKTeX\tex/latex/listings\lstmisc.sty
File: lstmisc.sty 2020/03/24 1.8d (Carsten Heinz)
\c@lstnumber=\count294
\lst@skipnumbers=\count295
\lst@framebox=\box61
)
(C:\Users\ocean\AppData\Local\Programs\MiKTeX\tex/latex/listings\listings.cfg
File: listings.cfg 2020/03/24 1.8d listings configuration
))
Package: listings 2020/03/24 1.8d (Carsten Heinz)
\netBracketCount@mlpr=\count296
\blkLvl@mlpr=\count297
\blkLvlAtClassdef@mlpr=\count298
\emHeight@mlpr=\skip93
\jayDepth@mlpr=\skip94
\sectionRuleOffset@mlpr=\skip95
\toks@mlpr=\toks39
)
(C:\Users\ocean\AppData\Local\Programs\MiKTeX\tex/latex/pgf/frontendlayer\tikz.
sty
(C:\Users\ocean\AppData\Local\Programs\MiKTeX\tex/latex/pgf/basiclayer\pgf.sty
(C:\Users\ocean\AppData\Local\Programs\MiKTeX\tex/latex/pgf/utilities\pgfrcs.st
y
(C:\Users\ocean\AppData\Local\Programs\MiKTeX\tex/generic/pgf/utilities\pgfutil
-common.tex
\pgfutil@everybye=\toks40
\pgfutil@tempdima=\dimen185
\pgfutil@tempdimb=\dimen186
)
(C:\Users\ocean\AppData\Local\Programs\MiKTeX\tex/generic/pgf/utilities\pgfutil
-latex.def
\pgfutil@abb=\box62
)
(C:\Users\ocean\AppData\Local\Programs\MiKTeX\tex/generic/pgf/utilities\pgfrcs.
code.tex
(C:\Users\ocean\AppData\Local\Programs\MiKTeX\tex/generic/pgf\pgf.revision.tex)
Package: pgfrcs 2023-01-15 v3.1.10 (3.1.10)
))
Package: pgf 2023-01-15 v3.1.10 (3.1.10)

(C:\Users\ocean\AppData\Local\Programs\MiKTeX\tex/latex/pgf/basiclayer\pgfcore.
sty
(C:\Users\ocean\AppData\Local\Programs\MiKTeX\tex/latex/pgf/systemlayer\pgfsys.
sty
(C:\Users\ocean\AppData\Local\Programs\MiKTeX\tex/generic/pgf/systemlayer\pgfsy
s.code.tex
Package: pgfsys 2023-01-15 v3.1.10 (3.1.10)

(C:\Users\ocean\AppData\Local\Programs\MiKTeX\tex/generic/pgf/utilities\pgfkeys
.code.tex
\pgfkeys@pathtoks=\toks41
\pgfkeys@temptoks=\toks42

(C:\Users\ocean\AppData\Local\Programs\MiKTeX\tex/generic/pgf/utilities\pgfkeys
libraryfiltered.code.tex
\pgfkeys@tmptoks=\toks43
))
\pgf@x=\dimen187
\pgf@y=\dimen188
\pgf@xa=\dimen189
\pgf@ya=\dimen190
\pgf@xb=\dimen191
\pgf@yb=\dimen192
\pgf@xc=\dimen193
\pgf@yc=\dimen194
\pgf@xd=\dimen195
\pgf@yd=\dimen196
\w@pgf@writea=\write3
\r@pgf@reada=\read3
\c@pgf@counta=\count299
\c@pgf@countb=\count300
\c@pgf@countc=\count301
\c@pgf@countd=\count302
\t@pgf@toka=\toks44
\t@pgf@tokb=\toks45
\t@pgf@tokc=\toks46
\pgf@sys@id@count=\count303

(C:\Users\ocean\AppData\Local\Programs\MiKTeX\tex/generic/pgf/systemlayer\pgf.c
fg
File: pgf.cfg 2023-01-15 v3.1.10 (3.1.10)
)
Driver file for pgf: pgfsys-pdftex.def

(C:\Users\ocean\AppData\Local\Programs\MiKTeX\tex/generic/pgf/systemlayer\pgfsy
s-pdftex.def
File: pgfsys-pdftex.def 2023-01-15 v3.1.10 (3.1.10)

(C:\Users\ocean\AppData\Local\Programs\MiKTeX\tex/generic/pgf/systemlayer\pgfsy
s-common-pdf.def
File: pgfsys-common-pdf.def 2023-01-15 v3.1.10 (3.1.10)
)))
(C:\Users\ocean\AppData\Local\Programs\MiKTeX\tex/generic/pgf/systemlayer\pgfsy
ssoftpath.code.tex
File: pgfsyssoftpath.code.tex 2023-01-15 v3.1.10 (3.1.10)
\pgfsyssoftpath@smallbuffer@items=\count304
\pgfsyssoftpath@bigbuffer@items=\count305
)
(C:\Users\ocean\AppData\Local\Programs\MiKTeX\tex/generic/pgf/systemlayer\pgfsy
sprotocol.code.tex
File: pgfsysprotocol.code.tex 2023-01-15 v3.1.10 (3.1.10)
))
(C:\Users\ocean\AppData\Local\Programs\MiKTeX\tex/generic/pgf/basiclayer\pgfcor
e.code.tex
Package: pgfcore 2023-01-15 v3.1.10 (3.1.10)

(C:\Users\ocean\AppData\Local\Programs\MiKTeX\tex/generic/pgf/math\pgfmath.code
.tex
(C:\Users\ocean\AppData\Local\Programs\MiKTeX\tex/generic/pgf/math\pgfmathutil.
code.tex)
(C:\Users\ocean\AppData\Local\Programs\MiKTeX\tex/generic/pgf/math\pgfmathparse
r.code.tex
\pgfmath@dimen=\dimen197
\pgfmath@count=\count306
\pgfmath@box=\box63
\pgfmath@toks=\toks47
\pgfmath@stack@operand=\toks48
\pgfmath@stack@operation=\toks49
)
(C:\Users\ocean\AppData\Local\Programs\MiKTeX\tex/generic/pgf/math\pgfmathfunct
ions.code.tex)
(C:\Users\ocean\AppData\Local\Programs\MiKTeX\tex/generic/pgf/math\pgfmathfunct
ions.basic.code.tex)
(C:\Users\ocean\AppData\Local\Programs\MiKTeX\tex/generic/pgf/math\pgfmathfunct
ions.trigonometric.code.tex)
(C:\Users\ocean\AppData\Local\Programs\MiKTeX\tex/generic/pgf/math\pgfmathfunct
ions.random.code.tex)
(C:\Users\ocean\AppData\Local\Programs\MiKTeX\tex/generic/pgf/math\pgfmathfunct
ions.comparison.code.tex)
(C:\Users\ocean\AppData\Local\Programs\MiKTeX\tex/generic/pgf/math\pgfmathfunct
ions.base.code.tex)
(C:\Users\ocean\AppData\Local\Programs\MiKTeX\tex/generic/pgf/math\pgfmathfunct
ions.round.code.tex)
(C:\Users\ocean\AppData\Local\Programs\MiKTeX\tex/generic/pgf/math\pgfmathfunct
ions.misc.code.tex)
(C:\Users\ocean\AppData\Local\Programs\MiKTeX\tex/generic/pgf/math\pgfmathfunct
ions.integerarithmetics.code.tex)
(C:\Users\ocean\AppData\Local\Programs\MiKTeX\tex/generic/pgf/math\pgfmathcalc.
code.tex)
(C:\Users\ocean\AppData\Local\Programs\MiKTeX\tex/generic/pgf/math\pgfmathfloat
.code.tex
\c@pgfmathroundto@lastzeros=\count307
))
(C:\Users\ocean\AppData\Local\Programs\MiKTeX\tex/generic/pgf/math\pgfint.code.
tex)
(C:\Users\ocean\AppData\Local\Programs\MiKTeX\tex/generic/pgf/basiclayer\pgfcor
epoints.code.tex
File: pgfcorepoints.code.tex 2023-01-15 v3.1.10 (3.1.10)
\pgf@picminx=\dimen198
\pgf@picmaxx=\dimen199
\pgf@picminy=\dimen256
\pgf@picmaxy=\dimen257
\pgf@pathminx=\dimen258
\pgf@pathmaxx=\dimen259
\pgf@pathminy=\dimen260
\pgf@pathmaxy=\dimen261
\pgf@xx=\dimen262
\pgf@xy=\dimen263
\pgf@yx=\dimen264
\pgf@yy=\dimen265
\pgf@zx=\dimen266
\pgf@zy=\dimen267
)
(C:\Users\ocean\AppData\Local\Programs\MiKTeX\tex/generic/pgf/basiclayer\pgfcor
epathconstruct.code.tex
File: pgfcorepathconstruct.code.tex 2023-01-15 v3.1.10 (3.1.10)
\pgf@path@lastx=\dimen268
\pgf@path@lasty=\dimen269
)
(C:\Users\ocean\AppData\Local\Programs\MiKTeX\tex/generic/pgf/basiclayer\pgfcor
epathusage.code.tex
File: pgfcorepathusage.code.tex 2023-01-15 v3.1.10 (3.1.10)
\pgf@shorten@end@additional=\dimen270
\pgf@shorten@start@additional=\dimen271
)
(C:\Users\ocean\AppData\Local\Programs\MiKTeX\tex/generic/pgf/basiclayer\pgfcor
escopes.code.tex
File: pgfcorescopes.code.tex 2023-01-15 v3.1.10 (3.1.10)
\pgfpic=\box64
\pgf@hbox=\box65
\pgf@layerbox@main=\box66
\pgf@picture@serial@count=\count308
)
(C:\Users\ocean\AppData\Local\Programs\MiKTeX\tex/generic/pgf/basiclayer\pgfcor
egraphicstate.code.tex
File: pgfcoregraphicstate.code.tex 2023-01-15 v3.1.10 (3.1.10)
\pgflinewidth=\dimen272
)
(C:\Users\ocean\AppData\Local\Programs\MiKTeX\tex/generic/pgf/basiclayer\pgfcor
etransformations.code.tex
File: pgfcoretransformations.code.tex 2023-01-15 v3.1.10 (3.1.10)
\pgf@pt@x=\dimen273
\pgf@pt@y=\dimen274
\pgf@pt@temp=\dimen275
)
(C:\Users\ocean\AppData\Local\Programs\MiKTeX\tex/generic/pgf/basiclayer\pgfcor
equick.code.tex
File: pgfcorequick.code.tex 2023-01-15 v3.1.10 (3.1.10)
)
(C:\Users\ocean\AppData\Local\Programs\MiKTeX\tex/generic/pgf/basiclayer\pgfcor
eobjects.code.tex
File: pgfcoreobjects.code.tex 2023-01-15 v3.1.10 (3.1.10)
)
(C:\Users\ocean\AppData\Local\Programs\MiKTeX\tex/generic/pgf/basiclayer\pgfcor
epathprocessing.code.tex
File: pgfcorepathprocessing.code.tex 2023-01-15 v3.1.10 (3.1.10)
)
(C:\Users\ocean\AppData\Local\Programs\MiKTeX\tex/generic/pgf/basiclayer\pgfcor
earrows.code.tex
File: pgfcorearrows.code.tex 2023-01-15 v3.1.10 (3.1.10)
\pgfarrowsep=\dimen276
)
(C:\Users\ocean\AppData\Local\Programs\MiKTeX\tex/generic/pgf/basiclayer\pgfcor
eshade.code.tex
File: pgfcoreshade.code.tex 2023-01-15 v3.1.10 (3.1.10)
\pgf@max=\dimen277
\pgf@sys@shading@range@num=\count309
\pgf@shadingcount=\count310
)
(C:\Users\ocean\AppData\Local\Programs\MiKTeX\tex/generic/pgf/basiclayer\pgfcor
eimage.code.tex
File: pgfcoreimage.code.tex 2023-01-15 v3.1.10 (3.1.10)
)
(C:\Users\ocean\AppData\Local\Programs\MiKTeX\tex/generic/pgf/basiclayer\pgfcor
eexternal.code.tex
File: pgfcoreexternal.code.tex 2023-01-15 v3.1.10 (3.1.10)
\pgfexternal@startupbox=\box67
)
(C:\Users\ocean\AppData\Local\Programs\MiKTeX\tex/generic/pgf/basiclayer\pgfcor
elayers.code.tex
File: pgfcorelayers.code.tex 2023-01-15 v3.1.10 (3.1.10)
)
(C:\Users\ocean\AppData\Local\Programs\MiKTeX\tex/generic/pgf/basiclayer\pgfcor
etransparency.code.tex
File: pgfcoretransparency.code.tex 2023-01-15 v3.1.10 (3.1.10)
)
(C:\Users\ocean\AppData\Local\Programs\MiKTeX\tex/generic/pgf/basiclayer\pgfcor
epatterns.code.tex
File: pgfcorepatterns.code.tex 2023-01-15 v3.1.10 (3.1.10)
)
(C:\Users\ocean\AppData\Local\Programs\MiKTeX\tex/generic/pgf/basiclayer\pgfcor
erdf.code.tex
File: pgfcorerdf.code.tex 2023-01-15 v3.1.10 (3.1.10)
)))
(C:\Users\ocean\AppData\Local\Programs\MiKTeX\tex/generic/pgf/modules\pgfmodule
shapes.code.tex
File: pgfmoduleshapes.code.tex 2023-01-15 v3.1.10 (3.1.10)
\pgfnodeparttextbox=\box68
)
(C:\Users\ocean\AppData\Local\Programs\MiKTeX\tex/generic/pgf/modules\pgfmodule
plot.code.tex
File: pgfmoduleplot.code.tex 2023-01-15 v3.1.10 (3.1.10)
)
(C:\Users\ocean\AppData\Local\Programs\MiKTeX\tex/latex/pgf/compatibility\pgfco
mp-version-0-65.sty
Package: pgfcomp-version-0-65 2023-01-15 v3.1.10 (3.1.10)
\pgf@nodesepstart=\dimen278
\pgf@nodesepend=\dimen279
)
(C:\Users\ocean\AppData\Local\Programs\MiKTeX\tex/latex/pgf/compatibility\pgfco
mp-version-1-18.sty
Package: pgfcomp-version-1-18 2023-01-15 v3.1.10 (3.1.10)
))
(C:\Users\ocean\AppData\Local\Programs\MiKTeX\tex/latex/pgf/utilities\pgffor.st
y
(C:\Users\ocean\AppData\Local\Programs\MiKTeX\tex/latex/pgf/utilities\pgfkeys.s
ty
(C:\Users\ocean\AppData\Local\Programs\MiKTeX\tex/generic/pgf/utilities\pgfkeys
.code.tex))
(C:\Users\ocean\AppData\Local\Programs\MiKTeX\tex/latex/pgf/math\pgfmath.sty
(C:\Users\ocean\AppData\Local\Programs\MiKTeX\tex/generic/pgf/math\pgfmath.code
.tex))
(C:\Users\ocean\AppData\Local\Programs\MiKTeX\tex/generic/pgf/utilities\pgffor.
code.tex
Package: pgffor 2023-01-15 v3.1.10 (3.1.10)
\pgffor@iter=\dimen280
\pgffor@skip=\dimen281
\pgffor@stack=\toks50
\pgffor@toks=\toks51
))
(C:\Users\ocean\AppData\Local\Programs\MiKTeX\tex/generic/pgf/frontendlayer/tik
z\tikz.code.tex
Package: tikz 2023-01-15 v3.1.10 (3.1.10)

(C:\Users\ocean\AppData\Local\Programs\MiKTeX\tex/generic/pgf/libraries\pgflibr
aryplothandlers.code.tex
File: pgflibraryplothandlers.code.tex 2023-01-15 v3.1.10 (3.1.10)
\pgf@plot@mark@count=\count311
\pgfplotmarksize=\dimen282
)
\tikz@lastx=\dimen283
\tikz@lasty=\dimen284
\tikz@lastxsaved=\dimen285
\tikz@lastysaved=\dimen286
\tikz@lastmovetox=\dimen287
\tikz@lastmovetoy=\dimen288
\tikzleveldistance=\dimen289
\tikzsiblingdistance=\dimen290
\tikz@figbox=\box69
\tikz@figbox@bg=\box70
\tikz@tempbox=\box71
\tikz@tempbox@bg=\box72
\tikztreelevel=\count312
\tikznumberofchildren=\count313
\tikznumberofcurrentchild=\count314
\tikz@fig@count=\count315

(C:\Users\ocean\AppData\Local\Programs\MiKTeX\tex/generic/pgf/modules\pgfmodule
matrix.code.tex
File: pgfmodulematrix.code.tex 2023-01-15 v3.1.10 (3.1.10)
\pgfmatrixcurrentrow=\count316
\pgfmatrixcurrentcolumn=\count317
\pgf@matrix@numberofcolumns=\count318
)
\tikz@expandcount=\count319

(C:\Users\ocean\AppData\Local\Programs\MiKTeX\tex/generic/pgf/frontendlayer/tik
z/libraries\tikzlibrarytopaths.code.tex
File: tikzlibrarytopaths.code.tex 2023-01-15 v3.1.10 (3.1.10)
)))
(C:\Users\ocean\AppData\Local\Programs\MiKTeX\tex/latex/colortbl\colortbl.sty
Package: colortbl 2022/06/20 v1.0f Color table columns (DPC)
\everycr=\toks52
\minrowclearance=\skip96
\rownum=\count320
)
(C:\Users\ocean\AppData\Local\Programs\MiKTeX\tex/latex/multirow\multirow.sty
Package: multirow 2021/03/15 v2.8 Span multiple rows of a table
\multirow@colwidth=\skip97
\multirow@cntb=\count321
\multirow@dima=\skip98
\bigstrutjot=\dimen291
)
(C:\Users\ocean\AppData\Local\Programs\MiKTeX\tex/latex/ulem\ulem.sty
\UL@box=\box73
\UL@hyphenbox=\box74
\UL@skip=\skip99
\UL@hook=\toks53
\UL@height=\dimen292
\UL@pe=\count322
\UL@pixel=\dimen293
\ULC@box=\box75
Package: ulem 2019/11/18
\ULdepth=\dimen294
)
(C:\Users\ocean\AppData\Local\Programs\MiKTeX\tex/latex/graphics\lscape.sty
Package: lscape 2020/05/28 v3.02 Landscape Pages (DPC)
)
(C:\Users\ocean\AppData\Local\Programs\MiKTeX\tex/latex/tools\longtable.sty
Package: longtable 2021-09-01 v4.17 Multi-page Table package (DPC)
\LTleft=\skip100
\LTright=\skip101
\LTpre=\skip102
\LTpost=\skip103
\LTchunksize=\count323
\LTcapwidth=\dimen295
\LT@head=\box76
\LT@firsthead=\box77
\LT@foot=\box78
\LT@lastfoot=\box79
\LT@gbox=\box80
\LT@cols=\count324
\LT@rows=\count325
\c@LT@tables=\count326
\c@LT@chunks=\count327
\LT@p@ftn=\toks54
)
(C:\Users\ocean\AppData\Local\Programs\MiKTeX\tex/latex/psnfss\times.sty
Package: times 2020/03/25 PSNFSS-v9.3 (SPQR) 
)
(C:\Users\ocean\AppData\Local\Programs\MiKTeX\tex/latex/hyperref\hyperref.sty
Package: hyperref 2022-11-13 v7.00u Hypertext links for LaTeX

(C:\Users\ocean\AppData\Local\Programs\MiKTeX\tex/generic/ltxcmds\ltxcmds.sty
Package: ltxcmds 2020-05-10 v1.25 LaTeX kernel commands for general use (HO)
)
(C:\Users\ocean\AppData\Local\Programs\MiKTeX\tex/generic/pdftexcmds\pdftexcmds
.sty
Package: pdftexcmds 2020-06-27 v0.33 Utility functions of pdfTeX for LuaTeX (HO
)

(C:\Users\ocean\AppData\Local\Programs\MiKTeX\tex/generic/infwarerr\infwarerr.s
ty
Package: infwarerr 2019/12/03 v1.5 Providing info/warning/error messages (HO)
)
Package pdftexcmds Info: \pdf@primitive is available.
Package pdftexcmds Info: \pdf@ifprimitive is available.
Package pdftexcmds Info: \pdfdraftmode found.
)
(C:\Users\ocean\AppData\Local\Programs\MiKTeX\tex/latex/kvsetkeys\kvsetkeys.sty
Package: kvsetkeys 2022-10-05 v1.19 Key value parser (HO)
)
(C:\Users\ocean\AppData\Local\Programs\MiKTeX\tex/generic/kvdefinekeys\kvdefine
keys.sty
Package: kvdefinekeys 2019-12-19 v1.6 Define keys (HO)
)
(C:\Users\ocean\AppData\Local\Programs\MiKTeX\tex/generic/pdfescape\pdfescape.s
ty
Package: pdfescape 2019/12/09 v1.15 Implements pdfTeX's escape features (HO)
) (C:\Users\ocean\AppData\Local\Programs\MiKTeX\tex/latex/hycolor\hycolor.sty
Package: hycolor 2020-01-27 v1.10 Color options for hyperref/bookmark (HO)
)
(C:\Users\ocean\AppData\Local\Programs\MiKTeX\tex/latex/letltxmacro\letltxmacro
.sty
Package: letltxmacro 2019/12/03 v1.6 Let assignment for LaTeX macros (HO)
)
(C:\Users\ocean\AppData\Local\Programs\MiKTeX\tex/latex/auxhook\auxhook.sty
Package: auxhook 2019-12-17 v1.6 Hooks for auxiliary files (HO)
)
(C:\Users\ocean\AppData\Local\Programs\MiKTeX\tex/latex/hyperref\nameref.sty
Package: nameref 2022-05-17 v2.50 Cross-referencing by name of section

(C:\Users\ocean\AppData\Local\Programs\MiKTeX\tex/latex/refcount\refcount.sty
Package: refcount 2019/12/15 v3.6 Data extraction from label references (HO)
)
(C:\Users\ocean\AppData\Local\Programs\MiKTeX\tex/generic/gettitlestring\gettit
lestring.sty
Package: gettitlestring 2019/12/15 v1.6 Cleanup title references (HO)

(C:\Users\ocean\AppData\Local\Programs\MiKTeX\tex/latex/kvoptions\kvoptions.sty
Package: kvoptions 2022-06-15 v3.15 Key value format for package options (HO)
))
\c@section@level=\count328
)
\@linkdim=\dimen296
\Hy@linkcounter=\count329
\Hy@pagecounter=\count330
 (C:\Users\ocean\AppData\Local\Programs\MiKTeX\tex/latex/hyperref\pd1enc.def
File: pd1enc.def 2022-11-13 v7.00u Hyperref: PDFDocEncoding definition (HO)
Now handling font encoding PD1 ...
... no UTF-8 mapping file for font encoding PD1
) (C:\Users\ocean\AppData\Local\Programs\MiKTeX\tex/generic/intcalc\intcalc.sty
Package: intcalc 2019/12/15 v1.3 Expandable calculations with integers (HO)
)
(C:\Users\ocean\AppData\Local\Programs\MiKTeX\tex/generic/etexcmds\etexcmds.sty
Package: etexcmds 2019/12/15 v1.7 Avoid name clashes with e-TeX commands (HO)
)
\Hy@SavedSpaceFactor=\count331
 (C:\Users\ocean\AppData\Local\Programs\MiKTeX\tex/latex/hyperref\puenc.def
File: puenc.def 2022-11-13 v7.00u Hyperref: PDF Unicode definition (HO)
Now handling font encoding PU ...
... no UTF-8 mapping file for font encoding PU
)
Package hyperref Info: Option `final' set `true' on input line 4045.
Package hyperref Info: Hyper figures OFF on input line 4162.
Package hyperref Info: Link nesting OFF on input line 4167.
Package hyperref Info: Hyper index ON on input line 4170.
Package hyperref Info: Plain pages OFF on input line 4177.
Package hyperref Info: Backreferencing OFF on input line 4182.
Package hyperref Info: Implicit mode ON; LaTeX internals redefined.
Package hyperref Info: Bookmarks ON on input line 4410.
\c@Hy@tempcnt=\count332

(C:\Users\ocean\AppData\Local\Programs\MiKTeX\tex/latex/url\url.sty
\Urlmuskip=\muskip17
Package: url 2013/09/16  ver 3.4  Verb mode for urls, etc.
)
LaTeX Info: Redefining \url on input line 4748.
\XeTeXLinkMargin=\dimen297

(C:\Users\ocean\AppData\Local\Programs\MiKTeX\tex/generic/bitset\bitset.sty
Package: bitset 2019/12/09 v1.3 Handle bit-vector datatype (HO)

(C:\Users\ocean\AppData\Local\Programs\MiKTeX\tex/generic/bigintcalc\bigintcalc
.sty
Package: bigintcalc 2019/12/15 v1.5 Expandable calculations on big integers (HO
)
))
\Fld@menulength=\count333
\Field@Width=\dimen298
\Fld@charsize=\dimen299
Package hyperref Info: Hyper figures OFF on input line 6027.
Package hyperref Info: Link nesting OFF on input line 6032.
Package hyperref Info: Hyper index ON on input line 6035.
Package hyperref Info: backreferencing OFF on input line 6042.
Package hyperref Info: Link coloring OFF on input line 6047.
Package hyperref Info: Link coloring with OCG OFF on input line 6052.
Package hyperref Info: PDF/A mode OFF on input line 6057.

(C:\Users\ocean\AppData\Local\Programs\MiKTeX\tex/latex/base\atbegshi-ltx.sty
Package: atbegshi-ltx 2021/01/10 v1.0c Emulation of the original atbegshi
package with kernel methods
)
\Hy@abspage=\count334
\c@Item=\count335
\c@Hfootnote=\count336
)
Package hyperref Info: Driver (autodetected): hpdftex.
(C:\Users\ocean\AppData\Local\Programs\MiKTeX\tex/latex/hyperref\hpdftex.def
File: hpdftex.def 2022-11-13 v7.00u Hyperref driver for pdfTeX

(C:\Users\ocean\AppData\Local\Programs\MiKTeX\tex/latex/base\atveryend-ltx.sty
Package: atveryend-ltx 2020/08/19 v1.0a Emulation of the original atveryend pac
kage
with kernel methods
)
\Fld@listcount=\count337
\c@bookmark@seq@number=\count338

(C:\Users\ocean\AppData\Local\Programs\MiKTeX\tex/latex/rerunfilecheck\rerunfil
echeck.sty
Package: rerunfilecheck 2022-07-10 v1.10 Rerun checks for auxiliary files (HO)

(C:\Users\ocean\AppData\Local\Programs\MiKTeX\tex/generic/uniquecounter\uniquec
ounter.sty
Package: uniquecounter 2019/12/15 v1.4 Provide unlimited unique counter (HO)
)
Package uniquecounter Info: New unique counter `rerunfilecheck' on input line 2
85.
)
\Hy@SectionHShift=\skip104
)
Package hyperref Info: Option `colorlinks' set `true' on input line 38.

(C:\Users\ocean\AppData\Local\Programs\MiKTeX\tex/latex/setspace\setspace.sty
Package: setspace 2022/12/04 v6.7b set line spacing
)
(C:\Users\ocean\AppData\Local\Programs\MiKTeX\tex/latex/enumitem\enumitem.sty
Package: enumitem 2019/06/20 v3.9 Customized lists
\labelindent=\skip105
\enit@outerparindent=\dimen300
\enit@toks=\toks55
\enit@inbox=\box81
\enit@count@id=\count339
\enitdp@description=\count340
)
(C:\Users\ocean\AppData\Local\Programs\MiKTeX\tex/latex/brushscr\pbsi.sty
Package: pbsi 2001/09/17 - BrushScriptX-Italic selection command 'textbsi'


Package pbsi Warning: bad encoding; assuming T1..

(C:\Users\ocean\AppData\Local\Programs\MiKTeX\tex/latex/brushscr\t1pbsi.fd
File: t1pbsi.fd 2001/09/24 Fontinst v1.801 font definitions for T1/pbsi.
))
(C:\Users\ocean\AppData\Local\Programs\MiKTeX\tex/latex/base\fontenc.sty
Package: fontenc 2021/04/29 v2.0v Standard LaTeX package
LaTeX Font Info:    Trying to load font information for T1+ptm on input line 11
2.

(C:\Users\ocean\AppData\Local\Programs\MiKTeX\tex/latex/psnfss\t1ptm.fd
File: t1ptm.fd 2001/06/04 font definitions for T1/ptm.
))
(C:\Users\ocean\AppData\Local\Programs\MiKTeX\tex/latex/esint\esint.sty
Package: esint 
\symlargesymbolsA=\mathgroup6
)
(C:\Users\ocean\AppData\Local\Programs\MiKTeX\tex/latex/lipsum\lipsum.sty
(C:\Users\ocean\AppData\Local\Programs\MiKTeX\tex/latex/l3packages/l3keys2e\l3k
eys2e.sty
(C:\Users\ocean\AppData\Local\Programs\MiKTeX\tex/latex/l3kernel\expl3.sty
Package: expl3 2023-02-02 L3 programming layer (loader) 

(C:\Users\ocean\AppData\Local\Programs\MiKTeX\tex/latex/l3backend\l3backend-pdf
tex.def
File: l3backend-pdftex.def 2023-01-16 L3 backend support: PDF output (pdfTeX)
\l__color_backend_stack_int=\count341
\l__pdf_internal_box=\box82
))
Package: l3keys2e 2023-01-16 LaTeX2e option processing using LaTeX3 keys
)
Package: lipsum 2021-09-20 v2.7 150 paragraphs of Lorem Ipsum dummy text
\g__lipsum_par_int=\count342
\l__lipsum_a_int=\count343
\l__lipsum_b_int=\count344

(C:\Users\ocean\AppData\Local\Programs\MiKTeX\tex/latex/lipsum\lipsum.ltd.tex))
(C:\Users\ocean\AppData\Local\Programs\MiKTeX\tex/latex/ragged2e\ragged2e.sty
Package: ragged2e 2022/11/13 v3.2 ragged2e Package
\CenteringLeftskip=\skip106
\RaggedLeftLeftskip=\skip107
\RaggedRightLeftskip=\skip108
\CenteringRightskip=\skip109
\RaggedLeftRightskip=\skip110
\RaggedRightRightskip=\skip111
\CenteringParfillskip=\skip112
\RaggedLeftParfillskip=\skip113
\RaggedRightParfillskip=\skip114
\JustifyingParfillskip=\skip115
\CenteringParindent=\skip116
\RaggedLeftParindent=\skip117
\RaggedRightParindent=\skip118
\JustifyingParindent=\skip119
)
(C:\Users\ocean\AppData\Local\Programs\MiKTeX\tex/latex/apacite\apacite.sty
Package: apacite 2013/07/21 v6.03 APA citation
\c@BibCnt=\count345
\bibleftmargin=\skip120
\bibindent=\skip121
\bibparsep=\skip122
\bibitemsep=\skip123
\biblabelsep=\skip124
)
(C:\Users\ocean\AppData\Local\Programs\MiKTeX\tex/latex/regexpatch\regexpatch.s
ty
Package: regexpatch 2021/03/21 v0.2f Extending etoolbox patching commands

(C:\Users\ocean\AppData\Local\Programs\MiKTeX\tex/latex/l3packages/xparse\xpars
e.sty
Package: xparse 2023-01-16 L3 Experimental document command parser
))
(C:\Users\ocean\AppData\Local\Programs\MiKTeX\tex/latex/csquotes\csquotes.sty
Package: csquotes 2022-09-14 v5.2n context-sensitive quotations (JAW)
\csq@reset=\count346
\csq@gtype=\count347
\csq@glevel=\count348
\csq@qlevel=\count349
\csq@maxlvl=\count350
\csq@tshold=\count351
\csq@ltx@everypar=\toks56

(C:\Users\ocean\AppData\Local\Programs\MiKTeX\tex/latex/csquotes\csquotes.def
File: csquotes.def 2022-09-14 v5.2n csquotes generic definitions (JAW)
)
Package csquotes Info: Trying to load configuration file 'csquotes.cfg'...
Package csquotes Info: ... configuration file loaded successfully.

(C:\Users\ocean\AppData\Local\Programs\MiKTeX\tex/latex/csquotes\csquotes.cfg
File: csquotes.cfg 
))
\c@theorem=\count352
\c@corollary=\count353
\c@lemma=\count354
\c@definition=\count355
\c@example=\count356

(C:\Users\ocean\AppData\Local\Programs\MiKTeX\tex/latex/blindtext\blindtext.sty
Package: blindtext 2012/01/06 V2.0 blindtext-Package
(C:\Users\ocean\AppData\Local\Programs\MiKTeX\tex/latex/tools\xspace.sty
Package: xspace 2014/10/28 v1.13 Space after command names (DPC,MH)
)
\c@blindtext=\count357
\c@Blindtext=\count358
\c@blind@countparstart=\count359
\blind@countxx=\count360
\blindtext@numBlindtext=\count361
\blind@countyy=\count362
\c@blindlist=\count363
\c@blindlistlevel=\count364
\c@blindlist@level=\count365
\blind@listitem=\count366
\c@blind@listcount=\count367
\c@blind@levelcount=\count368
\blind@mathformula=\count369
\blind@Mathformula=\count370
\c@blind@randomcount=\count371
\c@blind@randommax=\count372
\c@blind@pangramcount=\count373
\c@blind@pangrammax=\count374
)
(C:\Users\ocean\AppData\Local\Programs\MiKTeX\tex/latex/titlesec\titlesec.sty
Package: titlesec 2021/07/05 v2.14 Sectioning titles
\ttl@box=\box83
\beforetitleunit=\skip125
\aftertitleunit=\skip126
\ttl@plus=\dimen301
\ttl@minus=\dimen302
\ttl@toksa=\toks57
\titlewidth=\dimen303
\titlewidthlast=\dimen304
\titlewidthfirst=\dimen305
)
(C:\Users\ocean\AppData\Local\Programs\MiKTeX\tex/generic/pgf/frontendlayer/tik
z/libraries\tikzlibraryshapes.geometric.code.tex
File: tikzlibraryshapes.geometric.code.tex 2023-01-15 v3.1.10 (3.1.10)

(C:\Users\ocean\AppData\Local\Programs\MiKTeX\tex/generic/pgf/libraries/shapes\
pgflibraryshapes.geometric.code.tex
File: pgflibraryshapes.geometric.code.tex 2023-01-15 v3.1.10 (3.1.10)
))
(C:\Users\ocean\AppData\Local\Programs\MiKTeX\tex/generic/pgf/frontendlayer/tik
z/libraries\tikzlibraryarrows.code.tex
File: tikzlibraryarrows.code.tex 2023-01-15 v3.1.10 (3.1.10)

(C:\Users\ocean\AppData\Local\Programs\MiKTeX\tex/generic/pgf/libraries\pgflibr
aryarrows.code.tex
File: pgflibraryarrows.code.tex 2023-01-15 v3.1.10 (3.1.10)
\arrowsize=\dimen306
))
\c@appendices=\count375
\cftbeforeappendicesskip=\skip127
\cftappendicesindent=\skip128
\cftappendicesnumwidth=\skip129
\c@apcdepth=\count376
\cftbeforeapctitleskip=\skip130
\cftafterapctitleskip=\skip131
 (contents/01_front_matter/Hyphenation.tex)
Package csquotes Info: Checking for multilingual support...
Package csquotes Info: ... found 'babel' package.
Package csquotes Info: Adjusting default style.


Package csquotes Warning: No style for language 'bahasa'.
(csquotes)                Using fallback style on input line 219.

Package csquotes Info: Redefining alias 'default' -> 'fallback'.
(Dissertation_proposal.aux)
\openout1 = `Dissertation_proposal.aux'.

LaTeX Font Info:    Checking defaults for OML/cmm/m/it on input line 219.
LaTeX Font Info:    ... okay on input line 219.
LaTeX Font Info:    Checking defaults for OMS/cmsy/m/n on input line 219.
LaTeX Font Info:    ... okay on input line 219.
LaTeX Font Info:    Checking defaults for OT1/cmr/m/n on input line 219.
LaTeX Font Info:    ... okay on input line 219.
LaTeX Font Info:    Checking defaults for T1/cmr/m/n on input line 219.
LaTeX Font Info:    ... okay on input line 219.
LaTeX Font Info:    Checking defaults for TS1/cmr/m/n on input line 219.
LaTeX Font Info:    ... okay on input line 219.
LaTeX Font Info:    Checking defaults for OMX/cmex/m/n on input line 219.
LaTeX Font Info:    ... okay on input line 219.
LaTeX Font Info:    Checking defaults for U/cmr/m/n on input line 219.
LaTeX Font Info:    ... okay on input line 219.
LaTeX Font Info:    Checking defaults for PD1/pdf/m/n on input line 219.
LaTeX Font Info:    ... okay on input line 219.
LaTeX Font Info:    Checking defaults for PU/pdf/m/n on input line 219.
LaTeX Font Info:    ... okay on input line 219.

*geometry* driver: auto-detecting
*geometry* detected driver: pdftex
*geometry* verbose mode - [ preamble ] result:
* driver: pdftex
* paper: a4paper
* layout: <same size as paper>
* layoutoffset:(h,v)=(0.0pt,0.0pt)
* modes: 
* h-part:(L,W,R)=(99.58464pt, 412.56497pt, 85.35826pt)
* v-part:(T,H,B)=(85.35826pt, 674.33032pt, 85.35826pt)
* \paperwidth=597.50787pt
* \paperheight=845.04684pt
* \textwidth=412.56497pt
* \textheight=674.33032pt
* \oddsidemargin=27.31465pt
* \evensidemargin=27.31465pt
* \topmargin=-23.91173pt
* \headheight=12.0pt
* \headsep=25.0pt
* \topskip=12.0pt
* \footskip=30.0pt
* \marginparwidth=35.0pt
* \marginparsep=10.0pt
* \columnsep=10.0pt
* \skip\footins=10.8pt plus 4.0pt minus 2.0pt
* \hoffset=0.0pt
* \voffset=0.0pt
* \mag=1000
* \@twocolumnfalse
* \@twosidefalse
* \@mparswitchfalse
* \@reversemarginfalse
* (1in=72.27pt=25.4mm, 1cm=28.453pt)

Package caption Info: Begin \AtBeginDocument code.
Package caption Info: float package is loaded.
Package caption Info: hyperref package is loaded.
Package caption Info: listings package is loaded.
Package caption Info: longtable package is loaded.
(C:\Users\ocean\AppData\Local\Programs\MiKTeX\tex/latex/caption\ltcaption.sty
Package: ltcaption 2021/01/08 v1.4c longtable captions (AR)
)
Package caption Info: wrapfig package is loaded.
Package caption Info: End \AtBeginDocument code.

(C:\Users\ocean\AppData\Local\Programs\MiKTeX\tex/context/base/mkii\supp-pdf.mk
ii
[Loading MPS to PDF converter (version 2006.09.02).]
\scratchcounter=\count377
\scratchdimen=\dimen307
\scratchbox=\box84
\nofMPsegments=\count378
\nofMParguments=\count379
\everyMPshowfont=\toks58
\MPscratchCnt=\count380
\MPscratchDim=\dimen308
\MPnumerator=\count381
\makeMPintoPDFobject=\count382
\everyMPtoPDFconversion=\toks59
)
(C:\Users\ocean\AppData\Local\Programs\MiKTeX\tex/latex/epstopdf-pkg\epstopdf-b
ase.sty
Package: epstopdf-base 2020-01-24 v2.11 Base part for package epstopdf
Package epstopdf-base Info: Redefining graphics rule for `.eps' on input line 4
85.

(C:\Users\ocean\AppData\Local\Programs\MiKTeX\tex/latex/00miktex\epstopdf-sys.c
fg
File: epstopdf-sys.cfg 2021/03/18 v2.0 Configuration of epstopdf for MiKTeX
))
LaTeX Info: Redefining \microtypecontext on input line 219.
Package microtype Info: Applying patch `item' on input line 219.
Package microtype Info: Applying patch `toc' on input line 219.
Package microtype Info: Applying patch `eqnum' on input line 219.


Package microtype Warning: Unable to apply patch `footnote' on input line 219.

Package microtype Info: Generating PDF output.
Package microtype Info: Character protrusion enabled (level 2).
Package microtype Info: Using default protrusion set `alltext'.
Package microtype Info: Automatic font expansion enabled (level 2),
(microtype)             stretch: 20, shrink: 20, step: 1, non-selected.
Package microtype Info: Using default expansion set `alltext-nott'.
LaTeX Info: Redefining \showhyphens on input line 219.
Package microtype Info: No adjustment of tracking.
Package microtype Info: No adjustment of interword spacing.
Package microtype Info: No adjustment of character kerning.
(C:\Users\ocean\AppData\Local\Programs\MiKTeX\tex/latex/microtype\mt-ptm.cfg
File: mt-ptm.cfg 2006/04/20 v1.7 microtype config. file: Times (RS)
)
\c@lstlisting=\count383
Package hyperref Info: Link coloring ON on input line 219.

(Dissertation_proposal.out) (Dissertation_proposal.out)
\@outlinefile=\write4
\openout4 = `Dissertation_proposal.out'.

\c@maskedRefs=\count384


Package apacite Warning: No suitable language definition file (bahasa.apc) foun
d.

(contents/01_front_matter/Cover.tex
LaTeX Font Info:    Trying to load font information for OT1+lmr on input line 2
0.

(C:\Users\ocean\AppData\Local\Programs\MiKTeX\tex/latex/lm\ot1lmr.fd
File: ot1lmr.fd 2015/05/01 v1.6.1 Font defs for Latin Modern
)
(C:\Users\ocean\AppData\Local\Programs\MiKTeX\tex/latex/microtype\mt-cmr.cfg
File: mt-cmr.cfg 2013/05/19 v2.2 microtype config. file: Computer Modern Roman 
(RS)
)
LaTeX Font Info:    Trying to load font information for OML+lmm on input line 2
0.

(C:\Users\ocean\AppData\Local\Programs\MiKTeX\tex/latex/lm\omllmm.fd
File: omllmm.fd 2015/05/01 v1.6.1 Font defs for Latin Modern
)
LaTeX Font Info:    Trying to load font information for OMS+lmsy on input line 
20.

(C:\Users\ocean\AppData\Local\Programs\MiKTeX\tex/latex/lm\omslmsy.fd
File: omslmsy.fd 2015/05/01 v1.6.1 Font defs for Latin Modern
)
LaTeX Font Info:    Trying to load font information for OMX+lmex on input line 
20.

(C:\Users\ocean\AppData\Local\Programs\MiKTeX\tex/latex/lm\omxlmex.fd
File: omxlmex.fd 2015/05/01 v1.6.1 Font defs for Latin Modern
)
LaTeX Font Info:    External font `lmex10' loaded for size
(Font)              <14.4> on input line 20.
LaTeX Font Info:    External font `lmex10' loaded for size
(Font)              <10> on input line 20.
LaTeX Font Info:    External font `lmex10' loaded for size
(Font)              <7> on input line 20.
LaTeX Font Info:    Trying to load font information for U+msa on input line 20.


(C:\Users\ocean\AppData\Local\Programs\MiKTeX\tex/latex/amsfonts\umsa.fd
File: umsa.fd 2013/01/14 v3.01 AMS symbols A
)
(C:\Users\ocean\AppData\Local\Programs\MiKTeX\tex/latex/microtype\mt-msa.cfg
File: mt-msa.cfg 2006/02/04 v1.1 microtype config. file: AMS symbols (a) (RS)
)
LaTeX Font Info:    Trying to load font information for U+msb on input line 20.


(C:\Users\ocean\AppData\Local\Programs\MiKTeX\tex/latex/amsfonts\umsb.fd
File: umsb.fd 2013/01/14 v3.01 AMS symbols B
)
(C:\Users\ocean\AppData\Local\Programs\MiKTeX\tex/latex/microtype\mt-msb.cfg
File: mt-msb.cfg 2005/06/01 v1.0 microtype config. file: AMS symbols (b) (RS)
)
LaTeX Font Info:    Trying to load font information for U+esint on input line 2
0.

(C:\Users\ocean\AppData\Local\Programs\MiKTeX\tex/latex/esint\uesint.fd
File: uesint.fd 
)
<contents/Figures/USK.png, id=145, 264.99pt x 264.99pt>
File: contents/Figures/USK.png Graphic file (type png)
<use contents/Figures/USK.png>
Package pdftex.def Info: contents/Figures/USK.png  used on input line 26.
(pdftex.def)             Requested size: 113.81102pt x 113.81004pt.
)
[1

{C:/Users/ocean/AppData/Local/MiKTeX/fonts/map/pdftex/pdftex.map} <./contents/F
igures/USK.png>] (contents/01_front_matter/Pengesahan.tex
LaTeX Font Info:    External font `lmex10' loaded for size
(Font)              <12> on input line 7.
LaTeX Font Info:    External font `lmex10' loaded for size
(Font)              <8> on input line 7.
LaTeX Font Info:    External font `lmex10' loaded for size
(Font)              <6> on input line 7.
LaTeX Font Info:    Trying to load font information for T1+pcr on input line 8.


(C:\Users\ocean\AppData\Local\Programs\MiKTeX\tex/latex/psnfss\t1pcr.fd
File: t1pcr.fd 2001/06/04 font definitions for T1/pcr.
)
Package microtype Info: Loading generic protrusion settings for font family
(microtype)             `pcr' (encoding: T1).
(microtype)             For optimal results, create family-specific settings.
(microtype)             See the microtype manual for details.

Overfull \hbox (31.78084pt too wide) in paragraph at lines 26--31
 [][] 
 []


Overfull \hbox (0.72281pt too wide) in paragraph at lines 39--45
 [][] 
 []

) [2

] (contents/01_front_matter/Pengantar.tex) [3

]
(contents/01_front_matter/Ringkasan.tex) [4

] (Dissertation_proposal.toc)
\tf@toc=\write5
\openout5 = `Dissertation_proposal.toc'.


[5] (Dissertation_proposal.lot)
\tf@lot=\write6
\openout6 = `Dissertation_proposal.lot'.

 [6] (Dissertation_proposal.lof)
\tf@lof=\write7
\openout7 = `Dissertation_proposal.lof'.

 [7]
(Dissertation_proposal.apc)
\tf@apc=\write8
\openout8 = `Dissertation_proposal.apc'.

 [8]
(C:\Users\ocean\AppData\Local\Programs\MiKTeX\tex/latex/titlesec\titleps.sty

Package titlesec Warning: You are using an old interface for page styles
(titlesec)                (or you forgot the package option 'pagestyles').
(titlesec)                You could proceed but don't complain if you run
(titlesec)                into errors.

)
\textls [40]{\MakeUppercase    []{Bab}} I.
(contents/02_body/Bab1.tex [1

] [2]
LaTeX Font Info:    Trying to load font information for TS1+ptm on input line 2
8.

(C:\Users\ocean\AppData\Local\Programs\MiKTeX\tex/latex/psnfss\ts1ptm.fd
File: ts1ptm.fd 2001/06/04 font definitions for TS1/ptm.
)
[3] [4] [5]) [6]
\textls [40]{\MakeUppercase    []{Bab}} II.
(contents/02_body/Bab2.tex [7

] [8] [9] [10] [11] [12] [13] [14] [15]
<contents/Figures/Road_Map.png, id=504, 426.8748pt x 357.4956pt>
File: contents/Figures/Road_Map.png Graphic file (type png)
<use contents/Figures/Road_Map.png>
Package pdftex.def Info: contents/Figures/Road_Map.png  used on input line 144.

(pdftex.def)             Requested size: 341.43306pt x 285.95868pt.
 [16])
[17 <./contents/Figures/Road_Map.png>]
\textls [40]{\MakeUppercase    []{Bab}} III.
(contents/02_body/Bab3.tex
<contents/Figures/Batimetri_edit_compress.png, id=574, 5272.69875pt x 3959.7937
5pt>
File: contents/Figures/Batimetri_edit_compress.png Graphic file (type png)
<use contents/Figures/Batimetri_edit_compress.png>
Package pdftex.def Info: contents/Figures/Batimetri_edit_compress.png  used on 
input line 77.
(pdftex.def)             Requested size: 341.43306pt x 256.36847pt.
 [18

] [19 <./contents/Figures/Batimetri_edit_compress.png>] [20]
<contents/Figures/sm_experiment.png, id=616, 3680.75125pt x 1897.0875pt>
File: contents/Figures/sm_experiment.png Graphic file (type png)
<use contents/Figures/sm_experiment.png>
Package pdftex.def Info: contents/Figures/sm_experiment.png  used on input line
 108.
(pdftex.def)             Requested size: 426.79134pt x 219.96967pt.

Overfull \hbox (14.22636pt too wide) in paragraph at lines 108--109
 [][] 
 []

[21 <./contents/Figures/sm_experiment.png>] [22] [23] [24] [25]
<contents/Figures/Flowchart_Diagram.png, id=670, 578.8827pt x 297.0297pt>
File: contents/Figures/Flowchart_Diagram.png Graphic file (type png)
<use contents/Figures/Flowchart_Diagram.png>
Package pdftex.def Info: contents/Figures/Flowchart_Diagram.png  used on input 
line 232.
(pdftex.def)             Requested size: 398.33858pt x 204.3887pt.
) [26 <./contents/Figures/Flowchart_Diagram.png>]
\textls [40]{\MakeUppercase    []{Bab}} IV.
(contents/02_body/BiayaJadwal.tex [27

]) [28] (Dissertation_proposal.bbl
Underfull \hbox (badness 1400) in paragraph at lines 18--41
\T1/ptm/m/n/12 (+20) a-la-rd, J.  (2023, apr).  So-u-the-as-tern Ara-bi-an Sea 
Sa-li-ni-ty va-ri-a-bi-li-ty:
 []


Underfull \hbox (badness 1360) in paragraph at lines 18--41
\T1/ptm/m/n/12 (+20) me-cha-nisms and in-flu-en-ce on sur-fa-ce tem-pe-ra-tu-re
.  \T1/ptm/m/it/12 (+20) Cli-ma-te Dyna-mi-cs\T1/ptm/m/n/12 (+20) .
 []


Underfull \hbox (badness 10000) in paragraph at lines 18--41
\T1/pcr/m/n/12 s00382 [] -023 [] -06765 [] -zhttps :// link [] .springer [] .co
m / 10 [] .1007 /
 []


Underfull \hbox (badness 10000) in paragraph at lines 55--77
\T1/ptm/m/n/12 (+20) from [][]$\T1/pcr/m/n/12 https :// www [] .sciencedirect [
] .com / science / article /
 []


Underfull \hbox (badness 10000) in paragraph at lines 55--77
\T1/pcr/m/n/12 pii / S1364682621002364https :// linkinghub [] .elsevier [] .com
 /
 []

[29

]
Underfull \hbox (badness 10000) in paragraph at lines 361--383
\T1/pcr/m/n/12 10 [] .1007 / s00382 [] -022 [] -06515 [] -7https :// link [] .s
pringer [] .com /
 []


Underfull \hbox (badness 1052) in paragraph at lines 421--445
[]\T1/ptm/m/n/12 (+20) Dandapat, S., Chak-ra-bor-ty, A., Kut-tip-pu-ra-th, J., 
Bha-ga-wa-ti, C., dan Sen, R.
 []


Underfull \hbox (badness 10000) in paragraph at lines 421--445
\T1/pcr/m/n/12 link [] .springer [] .com / article / 10 [] .1007 / s10236 [] -0
21 [] -01475 []
 []


Underfull \hbox (badness 10000) in paragraph at lines 421--445
\T1/pcr/m/n/12 -8https :// www [] .researchgate [] .net / profile / Radharani [
] -Sen /
 []


Underfull \hbox (badness 10000) in paragraph at lines 421--445
\T1/pcr/m/n/12 publication / 354053744 [] []A [] []numerical [] []study [] []on
 [] []the []
 []


Underfull \hbox (badness 10000) in paragraph at lines 421--445
[]\T1/pcr/m/n/12 role [] []of [] []atmospheric [] []forcing [] []on [] []mixed 
[] []layer [] []depth []
 []


Underfull \hbox (badness 10000) in paragraph at lines 498--523
[][]$\T1/pcr/m/n/12 https :// www [] .tandfonline [] .com / doi / abs / 10 [] .
1080 / 01431161 []
 []


Underfull \hbox (badness 10000) in paragraph at lines 498--523
\T1/pcr/m/n/12 .2017 [] .1343511https :// www [] .tandfonline [] .com / doi / p
df /
 []


Underfull \hbox (badness 10000) in paragraph at lines 498--523
\T1/pcr/m/n/12 10 [] .1080 / 01431161 [] .2017 [] .1343511 [] ?needAccess = tru
e&role =
 []


Underfull \hbox (badness 10000) in paragraph at lines 498--523
\T1/pcr/m/n/12 buttonhttps :// www [] .tandfonline [] .com / doi / full / 10 []
 .1080 /
 []


Underfull \hbox (badness 10000) in paragraph at lines 598--624
\T1/pcr/m/n/12 .jp / article / geochemj / 56 / 3 / 56 [] []GJ22007 / [][]articl
e / []-char /
 []


Underfull \hbox (badness 10000) in paragraph at lines 598--624
\T1/pcr/m/n/12 ja / https :// www [] .jstage [] .jst [] .go [] .jp / article / 
geochemj /
 []


Underfull \hbox (badness 10000) in paragraph at lines 598--624
\T1/pcr/m/n/12 56 / 3 / 56 [] []GJ22007 / [][]pdfhttps :// www [] .jstage [] .j
st [] .go [] .jp /
 []


Underfull \hbox (badness 10000) in paragraph at lines 598--624
\T1/pcr/m/n/12 article / geochemj / 56 / 3 / 56 [] []GJ22007 / [][]article$[][]
   \T1/ptm/m/n/12 (+20) doi:
 []

[30] [31]
Underfull \hbox (badness 10000) in paragraph at lines 1191--1217
\T1/pcr/m/n/12 s10872 [] -021 [] -00625 [] -2https :// link [] .springer [] .co
m / 10 [] .1007 /
 []


Underfull \hbox (badness 10000) in paragraph at lines 1231--1252
\T1/pcr/m/n/12 www [] .mdpi [] .com / 1574444https :// www [] .mdpi [] .com / 2
072 [] -4292 /
 []


Underfull \hbox (badness 10000) in paragraph at lines 1231--1252
\T1/pcr/m/n/12 14 / 7 / 1745 / pdfhttps :// www [] .mdpi [] .com / 2072 [] -429
2 / 14 / 7 / 1745$[][]
 []

[32]
Underfull \hbox (badness 1087) in paragraph at lines 1398--1421
\T1/ptm/m/n/12 (+20) M.  (2020, aug).  Near-Surface Sa-li-ni-ty Re-ve-als the O
ce-a-nic So-ur-ces
 []


Underfull \hbox (badness 3503) in paragraph at lines 1398--1421
\T1/ptm/m/n/12 (+20) of Mo-is-tu-re for Aus-tra-li-an Pre-ci-pi-ta-tion thro-u-
gh Atmos-phe-ric Mo-is-tu-
 []


Underfull \hbox (badness 10000) in paragraph at lines 1398--1421
[][]$\T1/pcr/m/n/12 https :// journals [] .ametsoc [] .org / view / journals / 
clim / 33 /
 []


Underfull \hbox (badness 10000) in paragraph at lines 1398--1421
\T1/pcr/m/n/12 15 / jcliD190579 [] .xmlhttp :// journals [] .ametsoc [] .org / 
doi /
 []


Underfull \hbox (badness 1314) in paragraph at lines 1437--1460
[]\T1/ptm/m/n/12 (+20) Reynolds, R. W., Ra-yner, N. A., Smi-th, T. M., Sto-kes,
 D. C., dan Wang,
 []


Underfull \hbox (badness 1810) in paragraph at lines 1437--1460
\T1/ptm/m/n/12 (+20) W.  (2002).  An imp-ro-ved in si-tu and sa-te-lli-te sst a
na-lysis for cli-
 []


Underfull \hbox (badness 2608) in paragraph at lines 1437--1460
\T1/ptm/m/n/12 (+20) ma-te.  \T1/ptm/m/it/12 (+20) Jo-ur-nal of Cli-ma-te\T1/pt
m/m/n/12 (+20) , \T1/ptm/m/it/12 (+20) 15\T1/ptm/m/n/12 (+20) (13), 1609 - 1625
.  Re-tri-e-ved from
 []


Underfull \hbox (badness 10000) in paragraph at lines 1437--1460
[][]$\T1/pcr/m/n/12 https :// journals [] .ametsoc [] .org / view / journals / 
clim / 15 /
 []


Underfull \hbox (badness 4556) in paragraph at lines 1437--1460
\T1/pcr/m/n/12 13 / 1520 [] -0442 [] []2002 [] []015 [] []1609 [] []aiisas [] [
]2 [] .0 [] .co [] []2 [] .xml$[][]   \T1/ptm/m/n/12 (+20) doi:
 []

[33]
Underfull \hbox (badness 3568) in paragraph at lines 1613--1634
\T1/ptm/m/n/12 (+20) va-ri-a-bi-li-ty du-ring In-di-an Oce-an Di-po-le mo-de ev
en-ts: CO-A-DS ob-se-
 []


Underfull \hbox (badness 2495) in paragraph at lines 1613--1634
\T1/ptm/m/n/12 (+20) rva-tions.  \T1/ptm/m/it/12 (+20) Jo-ur-nal of Cli-ma-te\T
1/ptm/m/n/12 (+20) , \T1/ptm/m/it/12 (+20) 16\T1/ptm/m/n/12 (+20) (16), 2735--2
751.  Re-tri-e-ved from
 []


Underfull \hbox (badness 10000) in paragraph at lines 1613--1634
[][]$\T1/pcr/m/n/12 https :// journals [] .ametsoc [] .org / view / journals / 
clim / 16 /
 []


Underfull \hbox (badness 4556) in paragraph at lines 1613--1634
\T1/pcr/m/n/12 16 / 1520 [] -0442 [] []2003 [] []016 [] []2735 [] []sosasw [] [
]2 [] .0 [] .co [] []2 [] .xml$[][]   \T1/ptm/m/n/12 (+20) doi:
 []


Underfull \hbox (badness 6910) in paragraph at lines 1646--1673
\T1/ptm/m/n/12 (+20) e-ved from [][]$\T1/pcr/m/n/12 https :// www [] .tandfonli
ne [] .com / doi / abs / 10 [] .1080 /
 []


Underfull \hbox (badness 10000) in paragraph at lines 1646--1673
\T1/pcr/m/n/12 01431161 [] .2019 [] .1637962https :// www [] .tandfonline [] .c
om /
 []


Underfull \hbox (badness 3449) in paragraph at lines 1646--1673
\T1/pcr/m/n/12 doi / full / 10 [] .1080 / 01431161 [] .2019 [] .1637962$[][]   
\T1/ptm/m/n/12 (+20) doi: $10 [] .1080 /
 []


Underfull \hbox (badness 10000) in paragraph at lines 1687--1708
[][]$\T1/pcr/m/n/12 https :// onlinelibrary [] .wiley [] .com / doi / full / 10
 [] .1002 / joc []
 []


Underfull \hbox (badness 10000) in paragraph at lines 1687--1708
\T1/pcr/m/n/12 .6167https :// onlinelibrary [] .wiley [] .com / doi / abs / 10 
[] .1002 /
 []


Underfull \hbox (badness 10000) in paragraph at lines 1687--1708
\T1/pcr/m/n/12 joc [] .6167https :// rmets [] .onlinelibrary [] .wiley [] .com 
/ doi /
 []


Underfull \hbox (badness 1454) in paragraph at lines 1752--1777
\T1/ptm/m/n/12 (+20) Hal-ma-he-ra Sea and its re-la-tion to EN-SO and the In-di
-an Oce-an Di-po-
 []


Underfull \hbox (badness 10000) in paragraph at lines 1752--1777
\T1/ptm/m/n/12 (+20) ved from [][]$\T1/pcr/m/n/12 https :// www [] .tandfonline
 [] .com / doi / abs / 10 [] .1080 /
 []


Underfull \hbox (badness 10000) in paragraph at lines 1752--1777
\T1/pcr/m/n/12 01431161 [] .2019 [] .1641244https :// www [] .tandfonline [] .c
om /
 []


Underfull \hbox (badness 3449) in paragraph at lines 1752--1777
\T1/pcr/m/n/12 doi / full / 10 [] .1080 / 01431161 [] .2019 [] .1641244$[][]   
\T1/ptm/m/n/12 (+20) doi: $10 [] .1080 /
 []


Underfull \hbox (badness 10000) in paragraph at lines 1824--1847
\T1/pcr/m/n/12 www [] .mdpi [] .com / 1569066https :// www [] .mdpi [] .com / 2
072 [] -4292 /
 []


Underfull \hbox (badness 10000) in paragraph at lines 1824--1847
\T1/pcr/m/n/12 14 / 7 / 1682 / pdfhttps :// www [] .mdpi [] .com / 2072 [] -429
2 / 14 / 7 / 1682$[][]
 []


Underfull \hbox (badness 10000) in paragraph at lines 1859--1888
\T1/pcr/m/n/12 abs / 10 [] .1029 / 2018JC014580https :// agupubs [] .onlinelibr
ary []
 []


Underfull \hbox (badness 10000) in paragraph at lines 1859--1888
\T1/pcr/m/n/12 .wiley [] .com / doi / pdfdirect / 10 [] .1029 / 2018JC014580htt
ps ://
 []


Underfull \hbox (badness 10000) in paragraph at lines 1859--1888
\T1/pcr/m/n/12 onlinelibrary [] .wiley [] .com / doi / abs / 10 [] .1029 / 2018
JC014580$[][]
 []

[34]
Underfull \hbox (badness 2065) in paragraph at lines 1903--1926
[]\T1/ptm/m/n/12 (+20) Sun, Q., Zhang, Y., Du, Y., dan Ji-ang, X.  (2022, nov).
  Asym-me-tric
 []


Underfull \hbox (badness 3769) in paragraph at lines 1903--1926
\T1/ptm/m/n/12 (+20) Res-pon-se of Sea Sur-fa-ce Sa-li-ni-ty to Extre-me Po-si-
ti-ve and Ne-ga-ti-ve
 []


Underfull \hbox (badness 4132) in paragraph at lines 1903--1926
\T1/ptm/m/n/12 (+20) In-di-an Oce-an Di-po-le in the So-u-thern Tro-pi-cal In-d
i-an Oce-an.  \T1/ptm/m/it/12 (+20) Jo-
 []


Underfull \hbox (badness 3302) in paragraph at lines 1903--1926
\T1/ptm/m/it/12 (+20) ur-nal of Ge-o-physi-cal Re-se-ar-ch: Oce-ans\T1/ptm/m/n/
12 (+20) , \T1/ptm/m/it/12 (+20) 127\T1/ptm/m/n/12 (+20) (11).  Re-tri-e-ved fr
om
 []


Underfull \hbox (badness 10000) in paragraph at lines 1903--1926
[][]$\T1/pcr/m/n/12 https :// agupubs [] .onlinelibrary [] .wiley [] .com / doi
 / abs /
 []


Underfull \hbox (badness 10000) in paragraph at lines 1903--1926
\T1/pcr/m/n/12 10 [] .1029 / 2022JC018986https :// www [] .researchgate [] .net
 /
 []


Underfull \hbox (badness 10000) in paragraph at lines 1903--1926
\T1/pcr/m/n/12 profile / Qiwei [] -Sun [] -3 / publication / 364727966 [] []Asy
mmetric []
 []


Underfull \hbox (badness 10000) in paragraph at lines 1903--1926
[]\T1/pcr/m/n/12 response [] []of [] []sea [] []surface [] []salinity [] []to [
] []extreme [] []positive []
 []


Underfull \hbox (badness 10000) in paragraph at lines 1903--1926
[]\T1/pcr/m/n/12 and [] []negative [] []Indian [] []Ocean [] []Dipole [] []in [
] []the [] []southern [] []tr$[][]
 []


Underfull \hbox (badness 1348) in paragraph at lines 2049--2068
\T1/ptm/m/it/12 (+20) ans\T1/ptm/m/n/12 (+20) , \T1/ptm/m/it/12 (+20) 125\T1/pt
m/m/n/12 (+20) (11).  Re-tri-e-ved from [][]$\T1/pcr/m/n/12 https :// agupubs [
] .onlinelibrary []
 []


Underfull \hbox (badness 10000) in paragraph at lines 2049--2068
\T1/pcr/m/n/12 .wiley [] .com / doi / abs / 10 [] .1029 / 2020JC016485https ://

 []

[35]
Underfull \hbox (badness 1715) in paragraph at lines 2250--2274
\T1/ptm/m/n/12 (+20) sep).  In-di-an Oce-an tri-po-le mo-de and its as-so-ci-a-
ted atmos-phe-ric and
 []


Underfull \hbox (badness 2065) in paragraph at lines 2250--2274
\T1/ptm/m/n/12 (+20) oce-a-nic pro-ces-ses.  \T1/ptm/m/it/12 (+20) Cli-ma-te Dy
na-mi-cs\T1/ptm/m/n/12 (+20) , \T1/ptm/m/it/12 (+20) 55\T1/ptm/m/n/12 (+20) (5-
6), 1367--1383.  Re-tri-e-
 []


Underfull \hbox (badness 10000) in paragraph at lines 2250--2274
\T1/ptm/m/n/12 (+20) ved from [][]$\T1/pcr/m/n/12 https :// link [] .springer [
] .com / article / 10 [] .1007 /
 []


Underfull \hbox (badness 10000) in paragraph at lines 2250--2274
\T1/pcr/m/n/12 s00382 [] -020 [] -05331 [] -1https :// link [] .springer [] .co
m / 10 [] .1007 /
 []


Underfull \hbox (badness 2368) in paragraph at lines 2288--2308
\T1/ptm/m/it/12 (+20) ans\T1/ptm/m/n/12 (+20) , \T1/ptm/m/it/12 (+20) 127\T1/pt
m/m/n/12 (+20) (6).  Re-tri-e-ved from [][]$\T1/pcr/m/n/12 https :// agupubs []
 .onlinelibrary []
 []


Underfull \hbox (badness 10000) in paragraph at lines 2288--2308
\T1/pcr/m/n/12 .wiley [] .com / doi / abs / 10 [] .1029 / 2021JC018229https ://

 []

) [36] (contents/03_back_matter/Lampiran1.tex
(C:\Users\ocean\AppData\Local\Programs\MiKTeX\tex/latex/listings\lstlang1.sty
File: lstlang1.sty 2020/03/24 1.8d listings language file
)
Package hyperref Info: bookmark level for unknown lstlisting defaults to 0 on i
nput line 2.

(contents/03_back_matter/HYCOM_code.csh
LaTeX Font Info:    Trying to load font information for TS1+pcr on input line 5
.

(C:\Users\ocean\AppData\Local\Programs\MiKTeX\tex/latex/psnfss\ts1pcr.fd
File: ts1pcr.fd 2001/06/04 font definitions for TS1/pcr.
)
Package microtype Info: Loading generic protrusion settings for font family
(microtype)             `pcr' (encoding: TS1).
(microtype)             For optimal results, create family-specific settings.
(microtype)             See the microtype manual for details.
)
(C:\Users\ocean\AppData\Local\Programs\MiKTeX\tex/latex/listings\lstlang1.sty
File: lstlang1.sty 2020/03/24 1.8d listings language file
)
(contents/03_back_matter/NEMO_code.py [37])
(contents/03_back_matter/NCEP_code.csh)) [38]
(contents/03_back_matter/Lampiran2.tex) [39]
(contents/03_back_matter/Lampiran3.tex) [40]
(contents/03_back_matter/Lampiran4.tex
Underfull \hbox (badness 5970) in paragraph at lines 2--3
 []\T1/ptm/b/n/12 (+20) SURAT PER-NYA-TA-AN BE-BAS PLA-GI-AT 
 []


Underfull \hbox (badness 10000) in paragraph at lines 18--26

 []


Underfull \hbox (badness 10000) in paragraph at lines 18--26

 []


Underfull \hbox (badness 10000) in paragraph at lines 18--26

 []


Underfull \hbox (badness 10000) in paragraph at lines 18--26

 []

) [41] (Dissertation_proposal.aux)
Package rerunfilecheck Info: File `Dissertation_proposal.out' has not changed.
(rerunfilecheck)             Checksum: 06820248F456C3E797411A9E2DEF6FF7;5620.
 ) 
Here is how much of TeX's memory you used:
 33392 strings out of 476374
 619500 string characters out of 5788854
 2295340 words of memory out of 5000000
 52519 multiletter control sequences out of 15000+600000
 586210 words of font info for 295 fonts, out of 8000000 for 9000
 1179 hyphenation exceptions out of 8191
 84i,17n,80p,1681b,2262s stack positions out of 10000i,1000n,20000p,200000b,200000s
{C:/Users/ocean/AppData/Local/Programs/MiKTeX/fonts/enc/dvips/base/8r.enc}{C:
/Users/ocean/AppData/Local/Programs/MiKTeX/fonts/enc/dvips/lm/lm-rm.enc}{C:/Use
rs/ocean/AppData/Local/Programs/MiKTeX/fonts/enc/dvips/lm/lm-mathit.enc}{C:/Use
rs/ocean/AppData/Local/Programs/MiKTeX/fonts/enc/dvips/lm/lm-mathex.enc}{C:/Use
rs/ocean/AppData/Local/Programs/MiKTeX/fonts/enc/dvips/lm/lm-mathsy.enc}<C:/Use
rs/ocean/AppData/Local/Programs/MiKTeX/fonts/type1/public/lm/lmex10.pfb><C:/Use
rs/ocean/AppData/Local/Programs/MiKTeX/fonts/type1/public/lm/lmmi12.pfb><C:/Use
rs/ocean/AppData/Local/Programs/MiKTeX/fonts/type1/public/lm/lmmi6.pfb><C:/User
s/ocean/AppData/Local/Programs/MiKTeX/fonts/type1/public/lm/lmmi8.pfb><C:/Users
/ocean/AppData/Local/Programs/MiKTeX/fonts/type1/public/lm/lmr12.pfb><C:/Users/
ocean/AppData/Local/Programs/MiKTeX/fonts/type1/public/lm/lmr6.pfb><C:/Users/oc
ean/AppData/Local/Programs/MiKTeX/fonts/type1/public/lm/lmr8.pfb><C:/Users/ocea
n/AppData/Local/Programs/MiKTeX/fonts/type1/public/lm/lmsy10.pfb><C:/Users/ocea
n/AppData/Local/Programs/MiKTeX/fonts/type1/public/lm/lmsy8.pfb><C:/Users/ocean
/AppData/Local/Programs/MiKTeX/fonts/type1/urw/courier/ucrr8a.pfb><C:/Users/oce
an/AppData/Local/Programs/MiKTeX/fonts/type1/urw/times/utmb8a.pfb><C:/Users/oce
an/AppData/Local/Programs/MiKTeX/fonts/type1/urw/times/utmbi8a.pfb><C:/Users/oc
ean/AppData/Local/Programs/MiKTeX/fonts/type1/urw/times/utmr8a.pfb><C:/Users/oc
ean/AppData/Local/Programs/MiKTeX/fonts/type1/urw/times/utmri8a.pfb>
Output written on Dissertation_proposal.pdf (49 pages, 2150507 bytes).
PDF statistics:
 1024 PDF objects out of 1200 (max. 8388607)
 218 named destinations out of 1000 (max. 500000)
 51014 words of extra memory for PDF output out of 51595 (max. 10000000)

